[15:54:26] [Client thread/INFO]: Setting user: Player816
[15:54:28] [Client thread/INFO]: LWJGL Version: 2.9.1
[15:54:40] [Client thread/INFO]: Reloading ResourceManager: Default, FMLFileResourcePack:Forge Mod Loader, FMLFileResourcePack:Minecraft Forge, FMLFileResourcePack:Example Mod
[15:54:41] [Sound Library Loader/INFO]: Starting up SoundSystem...
[15:54:42] [Thread-6/INFO]: Initializing LWJGL OpenAL
[15:54:42] [Thread-6/INFO]: (The LWJGL binding of OpenAL.  For more information, see http://www.lwjgl.org)
[15:54:42] [Thread-6/INFO]: OpenAL initialized.
[15:54:42] [Sound Library Loader/INFO]: Sound engine started
[15:54:47] [Client thread/INFO]: Created: 512x512 textures-atlas
[15:54:49] [Client thread/INFO]: Reloading ResourceManager: Default, FMLFileResourcePack:Forge Mod Loader, FMLFileResourcePack:Minecraft Forge, FMLFileResourcePack:Example Mod
[15:54:50] [Client thread/INFO]: SoundSystem shutting down...
[15:54:50] [Client thread/WARN]: Author: Paul Lamb, www.paulscode.com
[15:54:50] [Sound Library Loader/INFO]: Starting up SoundSystem...
[15:54:50] [Thread-8/INFO]: Initializing LWJGL OpenAL
[15:54:50] [Thread-8/INFO]: (The LWJGL binding of OpenAL.  For more information, see http://www.lwjgl.org)
[15:54:50] [Thread-8/INFO]: OpenAL initialized.
[15:54:50] [Sound Library Loader/INFO]: Sound engine started
[15:54:58] [Client thread/INFO]: Created: 512x512 textures-atlas
[15:55:09] [Client thread/INFO]: Stopping!
[15:55:09] [Client thread/INFO]: SoundSystem shutting down...
[15:55:09] [Client thread/WARN]: Author: Paul Lamb, www.paulscode.com
